GROUP,PACKAGE,CLASS,INSTRUCTION_MISSED,INSTRUCTION_COVERED,BRANCH_MISSED,BRANCH_COVERED,LINE_MISSED,LINE_COVERED,COMPLEXITY_MISSED,COMPLEXITY_COVERED,METHOD_MISSED,METHOD_COVERED
main,com.v1project,App,147,0,0,0,37,0,3,0,3,0
main,com.vehiclepack,Bike,51,0,0,0,11,0,5,0,5,0
main,com.vehiclepack,Vehicle,80,0,0,0,28,0,13,0,13,0
main,com.vehiclepack,Car,51,0,0,0,11,0,5,0,5,0
main,com.personpack,Student,61,0,0,0,10,0,4,0,4,0
main,com.personpack,Person,201,0,2,0,48,0,15,0,14,0
main,com.personpack,Teacher,62,0,0,0,10,0,4,0,4,0
